<?xml version="1.0" encoding="utf-8"?><testsuites name="pytest tests"><testsuite name="pytest" errors="0" failures="0" skipped="0" tests="6" time="15.427" timestamp="2026-03-31T10:52:49.848215+08:00" hostname="H00613474-4QH4K"><testcase classname="tests.test_control" name="test_key_event[UP-12]" time="5.240" /><testcase classname="tests.test_control" name="test_key_event[DOWN-13]" time="0.004" /><testcase classname="tests.test_control" name="test_key_event[LEFT-14]" time="0.003" /><testcase classname="tests.test_control" name="test_key_event[RIGHT-15]" time="0.006" /><testcase classname="tests.test_control" name="test_key_event[ENTER-20]" time="0.004" /><testcase classname="tests.test_control" name="test_key_event[BACK-18]" time="10.013" /></testsuite></testsuites>